Using pre-set license
Built from '2020.3/staging' branch; Version is '2020.3.25f1 (9b9180224418) revision 10195328'; Using compiler version '192528614'; Build Type 'Release'
OS: 'Windows 10  (10.0.19042) 64bit Professional' Language: 'en' Physical Memory: 16334 MB
BatchMode: 1, IsHumanControllingUs: 0, StartBugReporterOnCrash: 0, Is64bit: 1, IsPro: 0

COMMAND LINE ARGUMENTS:
C:\Program Files\Unity\Hub\Editor\2020.3.25f1\Editor\Unity.exe
-adb2
-batchMode
-noUpm
-name
AssetImportWorker0
-projectPath
D:/Github Repos/ShadersCourse
-logFile
Logs/AssetImportWorker0.log
-srvPort
52563
Successfully changed project path to: D:/Github Repos/ShadersCourse
D:/Github Repos/ShadersCourse
Using Asset Import Pipeline V2.
Refreshing native plugins compatible for Editor in 31.50 ms, found 2 plugins.
Preloading 0 native plugins for Editor in 0.00 ms.
Initialize engine version: 2020.3.25f1 (9b9180224418)
[Subsystems] Discovering subsystems at path C:/Program Files/Unity/Hub/Editor/2020.3.25f1/Editor/Data/Resources/UnitySubsystems
[Subsystems] Discovering subsystems at path D:/Github Repos/ShadersCourse/Assets
GfxDevice: creating device client; threaded=0
Direct3D:
    Version:  Direct3D 11.0 [level 11.1]
    Renderer: NVIDIA GeForce GTX 1060 6GB (ID=0x1c03)
    Vendor:   
    VRAM:     6052 MB
    Driver:   30.0.14.9729
Initialize mono
Mono path[0] = 'C:/Program Files/Unity/Hub/Editor/2020.3.25f1/Editor/Data/Managed'
Mono path[1] = 'C:/Program Files/Unity/Hub/Editor/2020.3.25f1/Editor/Data/MonoBleedingEdge/lib/mono/unityjit'
Mono config path = 'C:/Program Files/Unity/Hub/Editor/2020.3.25f1/Editor/Data/MonoBleedingEdge/etc'
Using monoOptions --debugger-agent=transport=dt_socket,embedding=1,server=y,suspend=n,address=127.0.0.1:56196
Begin MonoManager ReloadAssembly
Registering precompiled unity dll's ...
Register platform support module: C:/Program Files/Unity/Hub/Editor/2020.3.25f1/Editor/Data/PlaybackEngines/WindowsStandaloneSupport/UnityEditor.WindowsStandalone.Extensions.dll
Registered in 0.002646 seconds.
Native extension for WindowsStandalone target not found
Refreshing native plugins compatible for Editor in 33.66 ms, found 2 plugins.
Preloading 0 native plugins for Editor in 0.00 ms.
Mono: successfully reloaded assembly
- Completed reload, in  0.584 seconds
Domain Reload Profiling:
	ReloadAssembly (584ms)
		BeginReloadAssembly (61ms)
			ExecutionOrderSort (0ms)
			DisableScriptedObjects (0ms)
			BackupInstance (0ms)
			ReleaseScriptingObjects (0ms)
			CreateAndSetChildDomain (1ms)
		EndReloadAssembly (442ms)
			LoadAssemblies (58ms)
			RebuildTransferFunctionScriptingTraits (0ms)
			SetupTypeCache (151ms)
			ReleaseScriptCaches (0ms)
			RebuildScriptCaches (28ms)
			SetupLoadedEditorAssemblies (166ms)
				LogAssemblyErrors (0ms)
				InitializePlatformSupportModulesInManaged (5ms)
				SetLoadedEditorAssemblies (0ms)
				RefreshPlugins (34ms)
				BeforeProcessingInitializeOnLoad (13ms)
				ProcessInitializeOnLoadAttributes (84ms)
				ProcessInitializeOnLoadMethodAttributes (31ms)
				AfterProcessingInitializeOnLoad (0ms)
				EditorAssembliesLoaded (0ms)
			ExecutionOrderSort2 (0ms)
			AwakeInstancesAfterBackupRestoration (0ms)
Platform modules already initialized, skipping
Registering precompiled user dll's ...
Registered in 0.004712 seconds.
Begin MonoManager ReloadAssembly
Native extension for WindowsStandalone target not found
Refreshing native plugins compatible for Editor in 0.35 ms, found 2 plugins.
Preloading 0 native plugins for Editor in 0.00 ms.
Mono: successfully reloaded assembly
- Completed reload, in  1.021 seconds
Domain Reload Profiling:
	ReloadAssembly (1022ms)
		BeginReloadAssembly (147ms)
			ExecutionOrderSort (0ms)
			DisableScriptedObjects (5ms)
			BackupInstance (0ms)
			ReleaseScriptingObjects (0ms)
			CreateAndSetChildDomain (18ms)
		EndReloadAssembly (808ms)
			LoadAssemblies (90ms)
			RebuildTransferFunctionScriptingTraits (0ms)
			SetupTypeCache (277ms)
			ReleaseScriptCaches (0ms)
			RebuildScriptCaches (39ms)
			SetupLoadedEditorAssemblies (308ms)
				LogAssemblyErrors (0ms)
				InitializePlatformSupportModulesInManaged (5ms)
				SetLoadedEditorAssemblies (0ms)
				RefreshPlugins (0ms)
				BeforeProcessingInitializeOnLoad (82ms)
				ProcessInitializeOnLoadAttributes (199ms)
				ProcessInitializeOnLoadMethodAttributes (9ms)
				AfterProcessingInitializeOnLoad (12ms)
				EditorAssembliesLoaded (0ms)
			ExecutionOrderSort2 (0ms)
			AwakeInstancesAfterBackupRestoration (9ms)
Platform modules already initialized, skipping
========================================================================
Worker process is ready to serve import requests
Launched and connected shader compiler UnityShaderCompiler.exe after 0.05 seconds
Refreshing native plugins compatible for Editor in 0.35 ms, found 2 plugins.
Preloading 0 native plugins for Editor in 0.00 ms.
Unloading 1506 Unused Serialized files (Serialized files now loaded: 0)
System memory in use before: 68.5 MB.
System memory in use after: 68.6 MB.

Unloading 19 unused Assets to reduce memory usage. Loaded Objects now: 1939.
Total: 2.775200 ms (FindLiveObjects: 0.153200 ms CreateObjectMapping: 0.034400 ms MarkObjects: 2.514600 ms  DeleteObjects: 0.071700 ms)

AssetImportParameters requested are different than current active one (requested -> active):
  custom:framework-win-MediaFoundation: 216162199b28c13a410421893ffa2e32 -> 
  custom:video-decoder-ogg-theora: a1e56fd34408186e4bbccfd4996cb3dc -> 
  custom:container-muxer-webm: aa71ff27fc2769a1b78a27578f13a17b -> 
  custom:container-demuxer-webm: 4f35f7cbe854078d1ac9338744f61a02 -> 
  custom:container-demuxer-ogg: 62fdf1f143b41e24485cea50d1cbac27 -> 
  custom:video-encoder-webm-vp8: eb34c28f22e8b96e1ab97ce403110664 -> 
  custom:video-decoder-webm-vp8: 9c59270c3fd7afecdb556c50c9e8de78 -> 
  custom:audio-decoder-ogg-vorbis: bf7c407c2cedff20999df2af8eb42d56 -> 
  custom:audio-encoder-webm-vorbis: bf7c407c2cedff20999df2af8eb42d56 -> 
========================================================================
Received Import Request.
  path: Assets/Scenes/TestScene.unity
  artifactKey: Guid(9fc0d4010bbf28b4594072e72b8655ab) Importer(815301076,1909f56bfc062723c751e8b465ee728b)
Start importing Assets/Scenes/TestScene.unity using Guid(9fc0d4010bbf28b4594072e72b8655ab) Importer(815301076,1909f56bfc062723c751e8b465ee728b)  -> (artifact id: '9f9b0b61dc15e6cf22dafae3d803aa1a') in 0.018317 seconds 
  Import took 0.020675 seconds .

========================================================================
Received Import Request.
  Time since last request: 5.061233 seconds.
  path: Assets/Scenes/Class_1.unity
  artifactKey: Guid(9fc0d4010bbf28b4594072e72b8655ab) Importer(815301076,1909f56bfc062723c751e8b465ee728b)
Start importing Assets/Scenes/Class_1.unity using Guid(9fc0d4010bbf28b4594072e72b8655ab) Importer(815301076,1909f56bfc062723c751e8b465ee728b)  -> (artifact id: '95f6771c71b403566cbeb3a9e93dcf9d') in 0.008097 seconds 
  Import took 0.010596 seconds .

========================================================================
Received Import Request.
  Time since last request: 10.854307 seconds.
  path: Assets/Scenes/Class_1 1.unity
  artifactKey: Guid(cc6b4e86b0aa67245b82913de0de02f0) Importer(815301076,1909f56bfc062723c751e8b465ee728b)
Start importing Assets/Scenes/Class_1 1.unity using Guid(cc6b4e86b0aa67245b82913de0de02f0) Importer(815301076,1909f56bfc062723c751e8b465ee728b)  -> (artifact id: '7cc982127525aee657df3448cbf56261') in 0.008019 seconds 
  Import took 0.010214 seconds .

========================================================================
Received Import Request.
  Time since last request: 7.921462 seconds.
  path: Assets/Scenes/Assignment_1.unity
  artifactKey: Guid(cc6b4e86b0aa67245b82913de0de02f0) Importer(815301076,1909f56bfc062723c751e8b465ee728b)
Start importing Assets/Scenes/Assignment_1.unity using Guid(cc6b4e86b0aa67245b82913de0de02f0) Importer(815301076,1909f56bfc062723c751e8b465ee728b)  -> (artifact id: '12e5998540491d4e106bcbc0158ebb72') in 0.006915 seconds 
  Import took 0.009174 seconds .

========================================================================
Received Import Request.
  Time since last request: 344.452749 seconds.
  path: Assets/Scenes/SampleSceneSettings.lighting
  artifactKey: Guid(f10114be0e62e96408862d225afd73f5) Importer(815301076,1909f56bfc062723c751e8b465ee728b)
Start importing Assets/Scenes/SampleSceneSettings.lighting using Guid(f10114be0e62e96408862d225afd73f5) Importer(815301076,1909f56bfc062723c751e8b465ee728b)  -> (artifact id: 'dc58bb03ee7e0bbe5904626ce0913564') in 0.022351 seconds 
  Import took 0.024665 seconds .

========================================================================
Received Import Request.
  Time since last request: 1.935253 seconds.
  path: Assets/Scenes/SampleScene.unity
  artifactKey: Guid(04131e4f1373e7d4cad9efe640376197) Importer(815301076,1909f56bfc062723c751e8b465ee728b)
Start importing Assets/Scenes/SampleScene.unity using Guid(04131e4f1373e7d4cad9efe640376197) Importer(815301076,1909f56bfc062723c751e8b465ee728b)  -> (artifact id: '42f7db206b884dcc288476bdb703aa74') in 0.006676 seconds 
  Import took 0.008873 seconds .

========================================================================
Received Import Request.
  Time since last request: 0.104921 seconds.
  path: Assets/Scenes/Assignment_1.unity
  artifactKey: Guid(cc6b4e86b0aa67245b82913de0de02f0) Importer(815301076,1909f56bfc062723c751e8b465ee728b)
Start importing Assets/Scenes/Assignment_1.unity using Guid(cc6b4e86b0aa67245b82913de0de02f0) Importer(815301076,1909f56bfc062723c751e8b465ee728b)  -> (artifact id: 'bd810a0dbb9ba32b449c4417cfae13c2') in 0.006817 seconds 
  Import took 0.009254 seconds .

========================================================================
Received Import Request.
  Time since last request: 0.884968 seconds.
  path: Assets/Scenes/Main.unity
  artifactKey: Guid(7d892a6180e0c6048a680b5d7340099d) Importer(815301076,1909f56bfc062723c751e8b465ee728b)
Start importing Assets/Scenes/Main.unity using Guid(7d892a6180e0c6048a680b5d7340099d) Importer(815301076,1909f56bfc062723c751e8b465ee728b)  -> (artifact id: 'ed278db3fa21155fd6d2d699f4f7bb3d') in 0.006627 seconds 
  Import took 0.008822 seconds .

========================================================================
Received Import Request.
  Time since last request: 3.559264 seconds.
  path: Assets/Downloads
  artifactKey: Guid(8d07b06ee01f22e4fa8b40d02845e930) Importer(815301076,1909f56bfc062723c751e8b465ee728b)
Start importing Assets/Downloads using Guid(8d07b06ee01f22e4fa8b40d02845e930) Importer(815301076,1909f56bfc062723c751e8b465ee728b)  -> (artifact id: '4b3089c495e14128dbaf2c2f9d66b57d') in 0.007417 seconds 
  Import took 0.009938 seconds .

========================================================================
Received Import Request.
  Time since last request: 7.894310 seconds.
  path: Assets/Scenes/Personal
  artifactKey: Guid(d8189023f302c154980aecb39db20b01) Importer(815301076,1909f56bfc062723c751e8b465ee728b)
Start importing Assets/Scenes/Personal using Guid(d8189023f302c154980aecb39db20b01) Importer(815301076,1909f56bfc062723c751e8b465ee728b)  -> (artifact id: '82aaa04ea6df6cf57cd3643c3042d60e') in 0.008146 seconds 
  Import took 0.011343 seconds .

========================================================================
Received Import Request.
  Time since last request: 13.122594 seconds.
  path: Assets/Scenes/Freya
  artifactKey: Guid(20a5b11162fb6f6458180dfc04df89a8) Importer(815301076,1909f56bfc062723c751e8b465ee728b)
Start importing Assets/Scenes/Freya using Guid(20a5b11162fb6f6458180dfc04df89a8) Importer(815301076,1909f56bfc062723c751e8b465ee728b)  -> (artifact id: '821f46b830f25876bdbe25565893f20e') in 0.007036 seconds 
  Import took 0.009374 seconds .

